2025-12-21 12:27:05.773 WARNING (SyncWorker_0) [homeassistant.loader] We found a custom integration frisquet_connect which has not been tested by Home Assistant. This component might cause stability problems, be sure to disable it if you experience issues with Home Assistant
2025-12-21 12:27:06.705 WARNING (MainThread) [aiohttp_fast_zlib] zlib_ng and isal are not available, falling back to zlib, performance will be degraded.
2025-12-21 12:27:06.852 WARNING (Recorder) [homeassistant.components.recorder.util] The system could not validate that the sqlite3 database at //workspaces/Frisquet/config/home-assistant_v2.db was shutdown cleanly
2025-12-21 12:27:07.490 ERROR (ImportExecutor_0) [homeassistant.components.camera.img_util] Error loading libturbojpeg; Camera snapshot performance will be sub-optimal
Traceback (most recent call last):
  File "/home/vscode/.local/lib/python3.13/site-packages/homeassistant/components/camera/img_util.py", line 93, in __init__
    TurboJPEGSingleton.__instance = TurboJPEG()
                                    ~~~~~~~~~^^
  File "/home/vscode/.local/lib/python3.13/site-packages/turbojpeg.py", line 301, in __init__
    self.__find_turbojpeg() if lib_path is None else lib_path)
    ~~~~~~~~~~~~~~~~~~~~~^^
  File "/home/vscode/.local/lib/python3.13/site-packages/turbojpeg.py", line 974, in __find_turbojpeg
    raise RuntimeError(
    ...<2 lines>...
        'e.g. jpeg = TurboJPEG(lib_path)')
RuntimeError: Unable to locate turbojpeg library automatically. You may specify the turbojpeg library path manually.
e.g. jpeg = TurboJPEG(lib_path)
2025-12-21 12:27:07.835 ERROR (MainThread) [homeassistant.components.go2rtc] Could not find go2rtc docker binary
2025-12-21 12:27:07.835 ERROR (MainThread) [homeassistant.setup] Setup failed for 'go2rtc': Integration failed to initialize.
2025-12-21 12:27:08.016 ERROR (MainThread) [homeassistant.setup] Unable to set up dependencies of 'default_config'. Setup failed for dependencies: ['go2rtc']
2025-12-21 12:27:08.016 ERROR (MainThread) [homeassistant.setup] Setup failed for 'default_config': Could not setup dependencies: go2rtc
2025-12-21 12:27:08.860 ERROR (SyncWorker_1) [aiodhcpwatcher] Cannot watch for dhcp packets without a functional packet filter: libpcap is not available. Cannot compile filter !
